c:\github\mygame\jumpup!\jumpup!\x64\debug\vc143.pdb
c:\github\mygame\jumpup!\jumpup!\x64\debug\vc143.idb
c:\github\mygame\jumpup!\jumpup!\x64\debug\scenetitle.obj
c:\github\mygame\jumpup!\jumpup!\x64\debug\sceneplaying.obj
c:\github\mygame\jumpup!\jumpup!\x64\debug\scenemanager.obj
c:\github\mygame\jumpup!\jumpup!\x64\debug\scenebase.obj
c:\github\mygame\jumpup!\jumpup!\x64\debug\player.obj
c:\github\mygame\jumpup!\jumpup!\x64\debug\main.obj
c:\github\mygame\jumpup!\jumpup!\x64\debug\input.obj
c:\github\mygame\jumpup!\jumpup!\x64\debug\stage.obj
c:\github\mygame\jumpup!\jumpup!\x64\debug\sceneclear.obj
c:\github\mygame\jumpup!\jumpup!\x64\debug\font.obj
c:\github\mygame\jumpup!\jumpup!\x64\debug\drawdebug.obj
c:\github\mygame\jumpup!\jumpup!\x64\debug\camera.obj
c:\github\mygame\jumpup!\jumpup!\x64\debug\jumpup!.exe
c:\github\mygame\jumpup!\jumpup!\x64\debug\jumpup!.ilk
c:\github\mygame\jumpup!\jumpup!\x64\debug\jumpup!.pdb
c:\github\mygame\jumpup!\jumpup!\x64\debug\jumpup!.tlog\cl.command.1.tlog
c:\github\mygame\jumpup!\jumpup!\x64\debug\jumpup!.tlog\cl.items.tlog
c:\github\mygame\jumpup!\jumpup!\x64\debug\jumpup!.tlog\cl.read.1.tlog
c:\github\mygame\jumpup!\jumpup!\x64\debug\jumpup!.tlog\cl.write.1.tlog
c:\github\mygame\jumpup!\jumpup!\x64\debug\jumpup!.tlog\link.command.1.tlog
c:\github\mygame\jumpup!\jumpup!\x64\debug\jumpup!.tlog\link.read.1.tlog
c:\github\mygame\jumpup!\jumpup!\x64\debug\jumpup!.tlog\link.write.1.tlog
