c:\users\fko2347058\desktop\ueda\github\mygame\jumprace\x64\release\vc143.pdb
c:\users\fko2347058\desktop\ueda\github\mygame\jumprace\x64\release\scenemanager.obj
c:\users\fko2347058\desktop\ueda\github\mygame\jumprace\x64\release\scenebase.obj
c:\users\fko2347058\desktop\ueda\github\mygame\jumprace\x64\release\scenetitle.obj
c:\users\fko2347058\desktop\ueda\github\mygame\jumprace\x64\release\sceneplaying.obj
c:\users\fko2347058\desktop\ueda\github\mygame\jumprace\x64\release\sceneclear.obj
c:\users\fko2347058\desktop\ueda\github\mygame\jumprace\x64\release\sceneresult.obj
c:\users\fko2347058\desktop\ueda\github\mygame\jumprace\x64\release\player.obj
c:\users\fko2347058\desktop\ueda\github\mygame\jumprace\x64\release\modeltree.obj
c:\users\fko2347058\desktop\ueda\github\mygame\jumprace\x64\release\modelground.obj
c:\users\fko2347058\desktop\ueda\github\mygame\jumprace\x64\release\modelbase.obj
c:\users\fko2347058\desktop\ueda\github\mygame\jumprace\x64\release\managersound.obj
c:\users\fko2347058\desktop\ueda\github\mygame\jumprace\x64\release\managerfont.obj
c:\users\fko2347058\desktop\ueda\github\mygame\jumprace\x64\release\managerresult.obj
c:\users\fko2347058\desktop\ueda\github\mygame\jumprace\x64\release\managermodel.obj
c:\users\fko2347058\desktop\ueda\github\mygame\jumprace\x64\release\managerlight.obj
c:\users\fko2347058\desktop\ueda\github\mygame\jumprace\x64\release\main.obj
c:\users\fko2347058\desktop\ueda\github\mygame\jumprace\x64\release\input.obj
c:\users\fko2347058\desktop\ueda\github\mygame\jumprace\x64\release\camera.obj
c:\users\fko2347058\desktop\ueda\github\mygame\jumprace\x64\release\conversiontime.obj
c:\users\fko2347058\desktop\ueda\github\mygame\jumprace\x64\release\background.obj
c:\users\fko2347058\desktop\ueda\github\mygame\jumprace\x64\release\worldsprite.obj
c:\users\fko2347058\desktop\ueda\github\mygame\jumprace\x64\release\jumprace.ipdb
c:\users\fko2347058\desktop\ueda\github\mygame\jumprace\x64\release\jumprace.iobj
c:\users\fko2347058\desktop\ueda\github\mygame\jumprace\x64\release\jumprace.exe
c:\users\fko2347058\desktop\ueda\github\mygame\jumprace\x64\release\jumprace.pdb
c:\users\fko2347058\desktop\ueda\github\mygame\jumprace\x64\release\jumprace.tlog\cl.command.1.tlog
c:\users\fko2347058\desktop\ueda\github\mygame\jumprace\x64\release\jumprace.tlog\cl.read.1.tlog
c:\users\fko2347058\desktop\ueda\github\mygame\jumprace\x64\release\jumprace.tlog\cl.write.1.tlog
c:\users\fko2347058\desktop\ueda\github\mygame\jumprace\x64\release\jumprace.tlog\link.command.1.tlog
c:\users\fko2347058\desktop\ueda\github\mygame\jumprace\x64\release\jumprace.tlog\link.read.1.tlog
c:\users\fko2347058\desktop\ueda\github\mygame\jumprace\x64\release\jumprace.tlog\link.write.1.tlog
c:\users\fko2347058\desktop\ueda\github\mygame\jumprace\x64\release\jumprace.tlog\link.write.2u.tlog
