c:\github\mygame\uedaが如く\likeaueda\x64\debug\vc143.pdb
c:\github\mygame\uedaが如く\likeaueda\x64\debug\vc143.idb
c:\github\mygame\uedaが如く\likeaueda\x64\debug\input.obj
c:\github\mygame\uedaが如く\likeaueda\x64\debug\camera.obj
c:\github\mygame\uedaが如く\likeaueda\x64\debug\uigauge.obj
c:\github\mygame\uedaが如く\likeaueda\x64\debug\stage.obj
c:\github\mygame\uedaが如く\likeaueda\x64\debug\shader.obj
c:\github\mygame\uedaが如く\likeaueda\x64\debug\scenemanager.obj
c:\github\mygame\uedaが如く\likeaueda\x64\debug\scenebase.obj
c:\github\mygame\uedaが如く\likeaueda\x64\debug\scenestage1.obj
c:\github\mygame\uedaが如く\likeaueda\x64\debug\scenetitle.obj
c:\github\mygame\uedaが如く\likeaueda\x64\debug\sceneclear.obj
c:\github\mygame\uedaが如く\likeaueda\x64\debug\scenegameover.obj
c:\github\mygame\uedaが如く\likeaueda\x64\debug\scenedebug.obj
c:\github\mygame\uedaが如く\likeaueda\x64\debug\sceneselectstage.obj
c:\github\mygame\uedaが如く\likeaueda\x64\debug\scenestage2.obj
c:\github\mygame\uedaが如く\likeaueda\x64\debug\player.obj
c:\github\mygame\uedaが如く\likeaueda\x64\debug\main.obj
c:\github\mygame\uedaが如く\likeaueda\x64\debug\loaddata.obj
c:\github\mygame\uedaが如く\likeaueda\x64\debug\enemytuto.obj
c:\github\mygame\uedaが如く\likeaueda\x64\debug\enemybase.obj
c:\github\mygame\uedaが如く\likeaueda\x64\debug\characterbase.obj
c:\github\mygame\uedaが如く\likeaueda\pixelshader.pso
c:\github\mygame\uedaが如く\likeaueda\vertexshader.vso
c:\github\mygame\uedaが如く\likeaueda\x64\debug\likeaueda.exe
c:\github\mygame\uedaが如く\likeaueda\x64\debug\likeaueda.ilk
c:\github\mygame\uedaが如く\likeaueda\x64\debug\likeaueda.pdb
c:\github\mygame\uedaが如く\likeaueda\x64\debug\likeaueda.tlog\cl.command.1.tlog
c:\github\mygame\uedaが如く\likeaueda\x64\debug\likeaueda.tlog\cl.items.tlog
c:\github\mygame\uedaが如く\likeaueda\x64\debug\likeaueda.tlog\cl.read.1.tlog
c:\github\mygame\uedaが如く\likeaueda\x64\debug\likeaueda.tlog\cl.write.1.tlog
c:\github\mygame\uedaが如く\likeaueda\x64\debug\likeaueda.tlog\fxc.command.1.tlog
c:\github\mygame\uedaが如く\likeaueda\x64\debug\likeaueda.tlog\fxc.read.1.tlog
c:\github\mygame\uedaが如く\likeaueda\x64\debug\likeaueda.tlog\fxc.write.1.tlog
c:\github\mygame\uedaが如く\likeaueda\x64\debug\likeaueda.tlog\link.command.1.tlog
c:\github\mygame\uedaが如く\likeaueda\x64\debug\likeaueda.tlog\link.read.1.tlog
c:\github\mygame\uedaが如く\likeaueda\x64\debug\likeaueda.tlog\link.write.1.tlog
