  CharacterBase.cpp
  EnemyBase.cpp
  EnemyNinja.cpp
  EnemyTuto.cpp
  Player.cpp
  EnemyChef.cpp
  EnemyAbe.cpp
  DebugDraw.cpp
  SceneStageBase.cpp
  ConversionTime.cpp
  LoadData.cpp
C:\Users\fko2347058\Desktop\ueda\GitHub\MyGame\Uedaが往く\Uedaが往く\Util\LoadData.cpp(102,73): warning C4244: '=': '_Ty' から 'int' への変換です。データが失われる可能性があります。
          with
          [
              _Ty=float
          ]
C:\Users\fko2347058\Desktop\ueda\GitHub\MyGame\Uedaが往く\Uedaが往く\Util\LoadData.cpp(103,68): warning C4244: '=': '_Ty' から 'int' への変換です。データが失われる可能性があります。
          with
          [
              _Ty=float
          ]
C:\Users\fko2347058\Desktop\ueda\GitHub\MyGame\Uedaが往く\Uedaが往く\Util\LoadData.cpp(113,69): warning C4244: '=': '_Ty' から 'int' への変換です。データが失われる可能性があります。
          with
          [
              _Ty=float
          ]
C:\Users\fko2347058\Desktop\ueda\GitHub\MyGame\Uedaが往く\Uedaが往く\Util\LoadData.cpp(114,69): warning C4244: '=': '_Ty' から 'int' への変換です。データが失われる可能性があります。
          with
          [
              _Ty=float
          ]
C:\Users\fko2347058\Desktop\ueda\GitHub\MyGame\Uedaが往く\Uedaが往く\Util\LoadData.cpp(93,40): warning C4101: 'e': ローカル変数は 1 度も使われていません。
C:\Users\fko2347058\Desktop\ueda\GitHub\MyGame\Uedaが往く\Uedaが往く\Util\LoadData.cpp(146,40): warning C4101: 'e': ローカル変数は 1 度も使われていません。
C:\Users\fko2347058\Desktop\ueda\GitHub\MyGame\Uedaが往く\Uedaが往く\Util\LoadData.cpp(200,40): warning C4101: 'e': ローカル変数は 1 度も使われていません。
C:\Users\fko2347058\Desktop\ueda\GitHub\MyGame\Uedaが往く\Uedaが往く\Util\LoadData.cpp(265,79): warning C4244: '=': '_Ty' から 'int' への変換です。データが失われる可能性があります。
          with
          [
              _Ty=float
          ]
C:\Users\fko2347058\Desktop\ueda\GitHub\MyGame\Uedaが往く\Uedaが往く\Util\LoadData.cpp(266,79): warning C4244: '=': '_Ty' から 'int' への変換です。データが失われる可能性があります。
          with
          [
              _Ty=float
          ]
C:\Users\fko2347058\Desktop\ueda\GitHub\MyGame\Uedaが往く\Uedaが往く\Util\LoadData.cpp(267,75): warning C4244: '=': '_Ty' から 'int' への変換です。データが失われる可能性があります。
          with
          [
              _Ty=float
          ]
C:\Users\fko2347058\Desktop\ueda\GitHub\MyGame\Uedaが往く\Uedaが往く\Util\LoadData.cpp(268,77): warning C4244: '=': '_Ty' から 'int' への変換です。データが失われる可能性があります。
          with
          [
              _Ty=float
          ]
C:\Users\fko2347058\Desktop\ueda\GitHub\MyGame\Uedaが往く\Uedaが往く\Util\LoadData.cpp(269,76): warning C4244: '=': '_Ty' から 'int' への変換です。データが失われる可能性があります。
          with
          [
              _Ty=float
          ]
C:\Users\fko2347058\Desktop\ueda\GitHub\MyGame\Uedaが往く\Uedaが往く\Util\LoadData.cpp(270,77): warning C4244: '=': '_Ty' から 'int' への変換です。データが失われる可能性があります。
          with
          [
              _Ty=float
          ]
C:\Users\fko2347058\Desktop\ueda\GitHub\MyGame\Uedaが往く\Uedaが往く\Util\LoadData.cpp(271,77): warning C4244: '=': '_Ty' から 'int' への変換です。データが失われる可能性があります。
          with
          [
              _Ty=float
          ]
C:\Users\fko2347058\Desktop\ueda\GitHub\MyGame\Uedaが往く\Uedaが往く\Util\LoadData.cpp(272,76): warning C4244: '=': '_Ty' から 'int' への変換です。データが失われる可能性があります。
          with
          [
              _Ty=float
          ]
C:\Users\fko2347058\Desktop\ueda\GitHub\MyGame\Uedaが往く\Uedaが往く\Util\LoadData.cpp(273,84): warning C4244: '=': '_Ty' から 'int' への変換です。データが失われる可能性があります。
          with
          [
              _Ty=float
          ]
C:\Users\fko2347058\Desktop\ueda\GitHub\MyGame\Uedaが往く\Uedaが往く\Util\LoadData.cpp(274,85): warning C4244: '=': '_Ty' から 'int' への変換です。データが失われる可能性があります。
          with
          [
              _Ty=float
          ]
C:\Users\fko2347058\Desktop\ueda\GitHub\MyGame\Uedaが往く\Uedaが往く\Util\LoadData.cpp(254,40): warning C4101: 'e': ローカル変数は 1 度も使われていません。
  main.cpp
C:\EffekseerForDXLib_170e_324b\プロジェクトに追加すべきファイル_VC用\DxLib.h(3344,1): warning C4819: ファイルは、現在のコード ページ (932) で表示できない文字を含んでいます。データの損失を防ぐために、ファイルを Unicode 形式で保存してください。
  SceneBase.cpp
  SceneClear.cpp
  SceneDebug.cpp
  SceneGameover.cpp
  SceneManager.cpp
  SceneOption.cpp
  SceneSelectStage.cpp
  SceneStage1.cpp
  コンパイル中...
  SceneStage2.cpp
  SceneTitle.cpp
  Stage.cpp
  UIGauge.cpp
  Camera.cpp
  Input.cpp
  Vec2.cpp
  コード生成しています。
  Previous IPDB not found, fall back to full compilation.
  All 1524 functions were compiled because no usable IPDB/IOBJ from previous compilation was found.
  コード生成が終了しました。
EffekseerForDXLib_vs2019_x64.lib(EffekseerForDXLib.obj) : warning LNK4099: PDB '' が 'EffekseerForDXLib_vs2019_x64.lib(EffekseerForDXLib.obj)' で、または '' に見つかりません。デバッグ情報がないものとして、オブジェクトにリンクします。
  Uedaが往く.vcxproj -> C:\Users\fko2347058\Desktop\ueda\GitHub\MyGame\Uedaが往く\Uedaが往く\x64\Release\Uedaが往く.exe
