  Camera.cpp
  Confetti.cpp
  Sound.cpp
  ConversionTime.cpp
  DrawDebug.cpp
  Font.cpp
  SceneClear.cpp
  Stage.cpp
  Input.cpp
  main.cpp
  Player.cpp
  SceneBase.cpp
  SceneManager.cpp
  ScenePlaying.cpp
  SceneTitle.cpp
  コード生成しています。
  Previous IPDB not found, fall back to full compilation.
  All 899 functions were compiled because no usable IPDB/IOBJ from previous compilation was found.
  コード生成が終了しました。
  JumpUp!.vcxproj -> C:\Users\fko2347058\Desktop\ueda\GitHub\MyGame\JumpUp!\JumpUp!\x64\Release\JumpUp!.exe
