c:\users\fko2347058\desktop\ueda\github\mygame\rockman2\rockman2\x64\release\vc143.pdb
c:\users\fko2347058\desktop\ueda\github\mygame\rockman2\rockman2\x64\release\sceneoption.obj
c:\users\fko2347058\desktop\ueda\github\mygame\rockman2\rockman2\x64\release\scenestage1.obj
c:\users\fko2347058\desktop\ueda\github\mygame\rockman2\rockman2\x64\release\scenetutorial.obj
c:\users\fko2347058\desktop\ueda\github\mygame\rockman2\rockman2\x64\release\recoverybase.obj
c:\users\fko2347058\desktop\ueda\github\mygame\rockman2\rockman2\x64\release\recoverysmallhp.obj
c:\users\fko2347058\desktop\ueda\github\mygame\rockman2\rockman2\x64\release\recoverysmallshot.obj
c:\users\fko2347058\desktop\ueda\github\mygame\rockman2\rockman2\x64\release\recoverygreathp.obj
c:\users\fko2347058\desktop\ueda\github\mygame\rockman2\rockman2\x64\release\recoverygreatshot.obj
c:\users\fko2347058\desktop\ueda\github\mygame\rockman2\rockman2\x64\release\recoverylife.obj
c:\users\fko2347058\desktop\ueda\github\mygame\rockman2\rockman2\x64\release\recoveryfullhp.obj
c:\users\fko2347058\desktop\ueda\github\mygame\rockman2\rockman2\x64\release\pad.obj
c:\users\fko2347058\desktop\ueda\github\mygame\rockman2\rockman2\x64\release\main.obj
c:\users\fko2347058\desktop\ueda\github\mygame\rockman2\rockman2\x64\release\fontmanager.obj
c:\users\fko2347058\desktop\ueda\github\mygame\rockman2\rockman2\x64\release\enemybase.obj
c:\users\fko2347058\desktop\ueda\github\mygame\rockman2\rockman2\x64\release\enemycat.obj
c:\users\fko2347058\desktop\ueda\github\mygame\rockman2\rockman2\x64\release\enemybird.obj
c:\users\fko2347058\desktop\ueda\github\mygame\rockman2\rockman2\x64\release\enemybear.obj
c:\users\fko2347058\desktop\ueda\github\mygame\rockman2\rockman2\x64\release\bg.obj
c:\users\fko2347058\desktop\ueda\github\mygame\rockman2\rockman2\x64\release\bgstage1.obj
c:\users\fko2347058\desktop\ueda\github\mygame\rockman2\rockman2\x64\release\bgtutorial.obj
c:\users\fko2347058\desktop\ueda\github\mygame\rockman2\rockman2\x64\release\vec2.obj
c:\users\fko2347058\desktop\ueda\github\mygame\rockman2\rockman2\x64\release\scenemain.obj
c:\users\fko2347058\desktop\ueda\github\mygame\rockman2\rockman2\x64\release\scenemanager.obj
c:\users\fko2347058\desktop\ueda\github\mygame\rockman2\rockman2\x64\release\rect.obj
c:\users\fko2347058\desktop\ueda\github\mygame\rockman2\rockman2\x64\release\shotbase.obj
c:\users\fko2347058\desktop\ueda\github\mygame\rockman2\rockman2\x64\release\shotbuster.obj
c:\users\fko2347058\desktop\ueda\github\mygame\rockman2\rockman2\x64\release\shotmetal.obj
c:\users\fko2347058\desktop\ueda\github\mygame\rockman2\rockman2\x64\release\shotfire.obj
c:\users\fko2347058\desktop\ueda\github\mygame\rockman2\rockman2\x64\release\shotlinemove.obj
c:\users\fko2347058\desktop\ueda\github\mygame\rockman2\rockman2\x64\release\player.obj
c:\users\fko2347058\desktop\ueda\github\mygame\rockman2\rockman2\x64\release\scenetitle.obj
c:\users\fko2347058\desktop\ueda\github\mygame\rockman2\rockman2\x64\release\scenegameover.obj
c:\users\fko2347058\desktop\ueda\github\mygame\rockman2\rockman2\x64\release\scenepause.obj
c:\users\fko2347058\desktop\ueda\github\mygame\rockman2\rockman2\x64\release\scenestageselect.obj
c:\users\fko2347058\desktop\ueda\github\mygame\rockman2\rockman2\x64\release\sceneclear.obj
c:\users\fko2347058\desktop\ueda\mygame\rockman2\rockman2\x64\release\rockman2.ipdb
c:\users\fko2347058\desktop\ueda\mygame\rockman2\rockman2\x64\release\rockman2.iobj
c:\users\fko2347058\desktop\ueda\github\mygame\rockman2\rockman2\x64\release\rockman2.ipdb
c:\users\fko2347058\desktop\ueda\github\mygame\rockman2\rockman2\x64\release\rockman2.iobj
c:\users\fko2347058\desktop\ueda\github\mygame\rockman2\rockman2\x64\release\rockman2.exe
c:\users\fko2347058\desktop\ueda\github\mygame\rockman2\rockman2\x64\release\rockman2.pdb
c:\users\fko2347058\desktop\ueda\github\mygame\rockman2\rockman2\x64\release\rockman2.res
c:\users\fko2347058\desktop\ueda\github\mygame\rockman2\rockman2\x64\release\rockman2.tlog\cl.command.1.tlog
c:\users\fko2347058\desktop\ueda\github\mygame\rockman2\rockman2\x64\release\rockman2.tlog\cl.read.1.tlog
c:\users\fko2347058\desktop\ueda\github\mygame\rockman2\rockman2\x64\release\rockman2.tlog\cl.write.1.tlog
c:\users\fko2347058\desktop\ueda\github\mygame\rockman2\rockman2\x64\release\rockman2.tlog\link.command.1.tlog
c:\users\fko2347058\desktop\ueda\github\mygame\rockman2\rockman2\x64\release\rockman2.tlog\link.read.1.tlog
c:\users\fko2347058\desktop\ueda\github\mygame\rockman2\rockman2\x64\release\rockman2.tlog\link.write.1.tlog
c:\users\fko2347058\desktop\ueda\github\mygame\rockman2\rockman2\x64\release\rockman2.tlog\link.write.2u.tlog
c:\users\fko2347058\desktop\ueda\github\mygame\rockman2\rockman2\x64\release\rockman2.tlog\rc.command.1.tlog
c:\users\fko2347058\desktop\ueda\github\mygame\rockman2\rockman2\x64\release\rockman2.tlog\rc.read.1.tlog
c:\users\fko2347058\desktop\ueda\github\mygame\rockman2\rockman2\x64\release\rockman2.tlog\rc.write.1.tlog
