c:\github\mygame\hoppingrace\x64\debug\vc143.pdb
c:\github\mygame\hoppingrace\x64\debug\vc143.idb
c:\github\mygame\hoppingrace\x64\debug\scenemanager.obj
c:\github\mygame\hoppingrace\x64\debug\scenebase.obj
c:\github\mygame\hoppingrace\x64\debug\scenetitle.obj
c:\github\mygame\hoppingrace\x64\debug\sceneplaying.obj
c:\github\mygame\hoppingrace\x64\debug\sceneclear.obj
c:\github\mygame\hoppingrace\x64\debug\sceneresult.obj
c:\github\mygame\hoppingrace\x64\debug\player.obj
c:\github\mygame\hoppingrace\x64\debug\modeltree.obj
c:\github\mygame\hoppingrace\x64\debug\modelground.obj
c:\github\mygame\hoppingrace\x64\debug\modelbase.obj
c:\github\mygame\hoppingrace\x64\debug\managersound.obj
c:\github\mygame\hoppingrace\x64\debug\managerfont.obj
c:\github\mygame\hoppingrace\x64\debug\managerresult.obj
c:\github\mygame\hoppingrace\x64\debug\managermodel.obj
c:\github\mygame\hoppingrace\x64\debug\managerlight.obj
c:\github\mygame\hoppingrace\x64\debug\main.obj
c:\github\mygame\hoppingrace\x64\debug\input.obj
c:\github\mygame\hoppingrace\x64\debug\camera.obj
c:\github\mygame\hoppingrace\x64\debug\conversiontime.obj
c:\github\mygame\hoppingrace\x64\debug\background.obj
c:\github\mygame\hoppingrace\x64\debug\worldsprite.obj
c:\github\mygame\hoppingrace\x64\debug\hoppingrace.exe
c:\github\mygame\hoppingrace\x64\debug\hoppingrace.ilk
c:\github\mygame\hoppingrace\x64\debug\hoppingrace.pdb
c:\github\mygame\hoppingrace\x64\debug\hoppingrace.tlog\cl.command.1.tlog
c:\github\mygame\hoppingrace\x64\debug\hoppingrace.tlog\cl.items.tlog
c:\github\mygame\hoppingrace\x64\debug\hoppingrace.tlog\cl.read.1.tlog
c:\github\mygame\hoppingrace\x64\debug\hoppingrace.tlog\cl.write.1.tlog
c:\github\mygame\hoppingrace\x64\debug\hoppingrace.tlog\link.command.1.tlog
c:\github\mygame\hoppingrace\x64\debug\hoppingrace.tlog\link.read.1.tlog
c:\github\mygame\hoppingrace\x64\debug\hoppingrace.tlog\link.write.1.tlog
