c:\users\fko2347058\desktop\ueda\github\mygame\jumprace\x64\debug\vc143.pdb
c:\users\fko2347058\desktop\ueda\github\mygame\jumprace\x64\debug\vc143.idb
c:\users\fko2347058\desktop\ueda\github\mygame\jumprace\x64\debug\scenemanager.obj
c:\users\fko2347058\desktop\ueda\github\mygame\jumprace\x64\debug\scenebase.obj
c:\users\fko2347058\desktop\ueda\github\mygame\jumprace\x64\debug\scenetitle.obj
c:\users\fko2347058\desktop\ueda\github\mygame\jumprace\x64\debug\sceneplaying.obj
c:\users\fko2347058\desktop\ueda\github\mygame\jumprace\x64\debug\sceneclear.obj
c:\users\fko2347058\desktop\ueda\github\mygame\jumprace\x64\debug\sceneresult.obj
c:\users\fko2347058\desktop\ueda\github\mygame\jumprace\x64\debug\player.obj
c:\users\fko2347058\desktop\ueda\github\mygame\jumprace\x64\debug\modeltree.obj
c:\users\fko2347058\desktop\ueda\github\mygame\jumprace\x64\debug\modelground.obj
c:\users\fko2347058\desktop\ueda\github\mygame\jumprace\x64\debug\modelbase.obj
c:\users\fko2347058\desktop\ueda\github\mygame\jumprace\x64\debug\managersound.obj
c:\users\fko2347058\desktop\ueda\github\mygame\jumprace\x64\debug\managerfont.obj
c:\users\fko2347058\desktop\ueda\github\mygame\jumprace\x64\debug\managerresult.obj
c:\users\fko2347058\desktop\ueda\github\mygame\jumprace\x64\debug\managermodel.obj
c:\users\fko2347058\desktop\ueda\github\mygame\jumprace\x64\debug\managerlight.obj
c:\users\fko2347058\desktop\ueda\github\mygame\jumprace\x64\debug\main.obj
c:\users\fko2347058\desktop\ueda\github\mygame\jumprace\x64\debug\input.obj
c:\users\fko2347058\desktop\ueda\github\mygame\jumprace\x64\debug\camera.obj
c:\users\fko2347058\desktop\ueda\github\mygame\jumprace\x64\debug\conversiontime.obj
c:\users\fko2347058\desktop\ueda\github\mygame\jumprace\x64\debug\background.obj
c:\users\fko2347058\desktop\ueda\github\mygame\jumprace\x64\debug\worldsprite.obj
c:\users\fko2347058\desktop\ueda\github\mygame\jumprace\x64\debug\jumprace.exe
c:\users\fko2347058\desktop\ueda\github\mygame\jumprace\x64\debug\jumprace.ilk
c:\users\fko2347058\desktop\ueda\github\mygame\jumprace\x64\debug\jumprace.pdb
c:\users\fko2347058\desktop\ueda\github\mygame\jumprace\x64\debug\modelgate.obj
c:\users\fko2347058\desktop\ueda\github\mygame\jumprace\x64\debug\jumprace.tlog\cl.command.1.tlog
c:\users\fko2347058\desktop\ueda\github\mygame\jumprace\x64\debug\jumprace.tlog\cl.items.tlog
c:\users\fko2347058\desktop\ueda\github\mygame\jumprace\x64\debug\jumprace.tlog\cl.read.1.tlog
c:\users\fko2347058\desktop\ueda\github\mygame\jumprace\x64\debug\jumprace.tlog\cl.write.1.tlog
c:\users\fko2347058\desktop\ueda\github\mygame\jumprace\x64\debug\jumprace.tlog\link.command.1.tlog
c:\users\fko2347058\desktop\ueda\github\mygame\jumprace\x64\debug\jumprace.tlog\link.read.1.tlog
c:\users\fko2347058\desktop\ueda\github\mygame\jumprace\x64\debug\jumprace.tlog\link.write.1.tlog
