  Background.cpp
  Camera.cpp
  Enemy.cpp
  Input.cpp
  main.cpp
  ManagerFont.cpp
  ManagerModel.cpp
  Map.cpp
  PlatinumLoader.cpp
  Player.cpp
  Rect.cpp
  SceneBase.cpp
  SceneClear.cpp
  SceneGameover.cpp
  SceneManager.cpp
  ScenePlaying.cpp
  SceneTitle.cpp
  WorldSprite.cpp
  コード生成しています。
  Previous IPDB not found, fall back to full compilation.
  All 1602 functions were compiled because no usable IPDB/IOBJ from previous compilation was found.
  コード生成が終了しました。
  RunGame.vcxproj -> C:\GitHub\MyGame\RunGame\x64\Release\RunGame.exe
