c:\github\mygame\rockman2\rockman2\x64\debug\vc143.pdb
c:\github\mygame\rockman2\rockman2\x64\debug\vc143.idb
c:\github\mygame\rockman2\rockman2\x64\debug\sceneoption.obj
c:\github\mygame\rockman2\rockman2\x64\debug\scenestage1.obj
c:\github\mygame\rockman2\rockman2\x64\debug\scenetutorial.obj
c:\github\mygame\rockman2\rockman2\x64\debug\recoverybase.obj
c:\github\mygame\rockman2\rockman2\x64\debug\recoverysmallhp.obj
c:\github\mygame\rockman2\rockman2\x64\debug\recoverysmallshot.obj
c:\github\mygame\rockman2\rockman2\x64\debug\recoverygreathp.obj
c:\github\mygame\rockman2\rockman2\x64\debug\recoverygreatshot.obj
c:\github\mygame\rockman2\rockman2\x64\debug\recoverylife.obj
c:\github\mygame\rockman2\rockman2\x64\debug\recoveryfullhp.obj
c:\github\mygame\rockman2\rockman2\x64\debug\pad.obj
c:\github\mygame\rockman2\rockman2\x64\debug\main.obj
c:\github\mygame\rockman2\rockman2\x64\debug\fontmanager.obj
c:\github\mygame\rockman2\rockman2\x64\debug\enemybase.obj
c:\github\mygame\rockman2\rockman2\x64\debug\enemycat.obj
c:\github\mygame\rockman2\rockman2\x64\debug\enemybird.obj
c:\github\mygame\rockman2\rockman2\x64\debug\enemybear.obj
c:\github\mygame\rockman2\rockman2\x64\debug\bg.obj
c:\github\mygame\rockman2\rockman2\x64\debug\bgstage1.obj
c:\github\mygame\rockman2\rockman2\x64\debug\bgtutorial.obj
c:\github\mygame\rockman2\rockman2\x64\debug\vec2.obj
c:\github\mygame\rockman2\rockman2\x64\debug\scenemain.obj
c:\github\mygame\rockman2\rockman2\x64\debug\scenemanager.obj
c:\github\mygame\rockman2\rockman2\x64\debug\rect.obj
c:\github\mygame\rockman2\rockman2\x64\debug\shotbase.obj
c:\github\mygame\rockman2\rockman2\x64\debug\shotbuster.obj
c:\github\mygame\rockman2\rockman2\x64\debug\shotmetal.obj
c:\github\mygame\rockman2\rockman2\x64\debug\shotfire.obj
c:\github\mygame\rockman2\rockman2\x64\debug\shotlinemove.obj
c:\github\mygame\rockman2\rockman2\x64\debug\player.obj
c:\github\mygame\rockman2\rockman2\x64\debug\scenetitle.obj
c:\github\mygame\rockman2\rockman2\x64\debug\scenegameover.obj
c:\github\mygame\rockman2\rockman2\x64\debug\scenepause.obj
c:\github\mygame\rockman2\rockman2\x64\debug\scenestageselect.obj
c:\github\mygame\rockman2\rockman2\x64\debug\sceneclear.obj
c:\github\mygame\rockman2\rockman2\x64\debug\rockman2.ilk
c:\github\mygame\rockman2\rockman2\x64\debug\rockman2.exe
c:\github\mygame\rockman2\rockman2\x64\debug\rockman2.pdb
c:\github\mygame\rockman2\rockman2\x64\debug\rockman2.res
c:\github\mygame\rockman2\rockman2\x64\debug\rockman2.tlog\cl.command.1.tlog
c:\github\mygame\rockman2\rockman2\x64\debug\rockman2.tlog\cl.items.tlog
c:\github\mygame\rockman2\rockman2\x64\debug\rockman2.tlog\cl.read.1.tlog
c:\github\mygame\rockman2\rockman2\x64\debug\rockman2.tlog\cl.write.1.tlog
c:\github\mygame\rockman2\rockman2\x64\debug\rockman2.tlog\link.command.1.tlog
c:\github\mygame\rockman2\rockman2\x64\debug\rockman2.tlog\link.read.1.tlog
c:\github\mygame\rockman2\rockman2\x64\debug\rockman2.tlog\link.write.1.tlog
c:\github\mygame\rockman2\rockman2\x64\debug\rockman2.tlog\rc.command.1.tlog
c:\github\mygame\rockman2\rockman2\x64\debug\rockman2.tlog\rc.read.1.tlog
c:\github\mygame\rockman2\rockman2\x64\debug\rockman2.tlog\rc.write.1.tlog
