  Bg.cpp
C:\Users\fko2347058\Desktop\ueda\GitHub\MyGame\ROCKMAN2\Rockman2\Bg.cpp(97,13): warning C4244: '初期化中': 'float' から 'int' への変換です。データが失われる可能性があります。
C:\Users\fko2347058\Desktop\ueda\GitHub\MyGame\ROCKMAN2\Rockman2\Bg.cpp(98,13): warning C4244: '初期化中': 'float' から 'int' への変換です。データが失われる可能性があります。
C:\Users\fko2347058\Desktop\ueda\GitHub\MyGame\ROCKMAN2\Rockman2\Bg.cpp(99,11): warning C4244: '初期化中': 'float' から 'int' への変換です。データが失われる可能性があります。
C:\Users\fko2347058\Desktop\ueda\GitHub\MyGame\ROCKMAN2\Rockman2\Bg.cpp(100,11): warning C4244: '初期化中': 'float' から 'int' への変換です。データが失われる可能性があります。
C:\Users\fko2347058\Desktop\ueda\GitHub\MyGame\ROCKMAN2\Rockman2\Bg.cpp(151,79): warning C4244: '引数': 'int' から 'float' への変換です。データが失われる可能性があります。
C:\Users\fko2347058\Desktop\ueda\GitHub\MyGame\ROCKMAN2\Rockman2\Bg.cpp(151,45): warning C4244: '引数': 'int' から 'float' への変換です。データが失われる可能性があります。
C:\Users\fko2347058\Desktop\ueda\GitHub\MyGame\ROCKMAN2\Rockman2\Bg.cpp(160,40): warning C4244: '引数': 'float' から 'int' への変換です。データが失われる可能性があります。
C:\Users\fko2347058\Desktop\ueda\GitHub\MyGame\ROCKMAN2\Rockman2\Bg.cpp(160,29): warning C4244: '引数': 'float' から 'int' への変換です。データが失われる可能性があります。
  Player.cpp
C:\Users\fko2347058\Desktop\ueda\GitHub\MyGame\ROCKMAN2\Rockman2\Player.h(36,31): warning C4244: 'return': 'const int' から 'float' への変換です。データが失われる可能性があります。
C:\Users\fko2347058\Desktop\ueda\GitHub\MyGame\ROCKMAN2\Rockman2\Player.cpp(63,6): warning C4244: '初期化中': 'const float' から 'int' への変換です。データが失われる可能性があります。
C:\Users\fko2347058\Desktop\ueda\GitHub\MyGame\ROCKMAN2\Rockman2\Player.cpp(40,25): warning C4244: '=': 'const float' から 'int' への変換です。データが失われる可能性があります。
C:\Users\fko2347058\Desktop\ueda\GitHub\MyGame\ROCKMAN2\Rockman2\Player.cpp(344,66): warning C4244: '引数': 'float' から 'int' への変換です。データが失われる可能性があります。
C:\Users\fko2347058\Desktop\ueda\GitHub\MyGame\ROCKMAN2\Rockman2\Player.cpp(344,37): warning C4244: '引数': 'float' から 'int' への変換です。データが失われる可能性があります。
C:\Users\fko2347058\Desktop\ueda\GitHub\MyGame\ROCKMAN2\Rockman2\Player.cpp(348,70): warning C4244: '引数': 'float' から 'int' への変換です。データが失われる可能性があります。
C:\Users\fko2347058\Desktop\ueda\GitHub\MyGame\ROCKMAN2\Rockman2\Player.cpp(348,41): warning C4244: '引数': 'float' から 'int' への変換です。データが失われる可能性があります。
C:\Users\fko2347058\Desktop\ueda\GitHub\MyGame\ROCKMAN2\Rockman2\Player.cpp(367,65): warning C4244: '引数': 'float' から 'int' への変換です。データが失われる可能性があります。
C:\Users\fko2347058\Desktop\ueda\GitHub\MyGame\ROCKMAN2\Rockman2\Player.cpp(367,44): warning C4244: '引数': 'float' から 'int' への変換です。データが失われる可能性があります。
C:\Users\fko2347058\Desktop\ueda\GitHub\MyGame\ROCKMAN2\Rockman2\Player.cpp(368,82): warning C4244: '引数': 'float' から 'int' への変換です。データが失われる可能性があります。
C:\Users\fko2347058\Desktop\ueda\GitHub\MyGame\ROCKMAN2\Rockman2\Player.cpp(368,61): warning C4244: '引数': 'float' から 'int' への変換です。データが失われる可能性があります。
C:\Users\fko2347058\Desktop\ueda\GitHub\MyGame\ROCKMAN2\Rockman2\Player.cpp(369,83): warning C4244: '引数': 'float' から 'int' への変換です。データが失われる可能性があります。
C:\Users\fko2347058\Desktop\ueda\GitHub\MyGame\ROCKMAN2\Rockman2\Player.cpp(369,44): warning C4244: '引数': 'float' から 'int' への変換です。データが失われる可能性があります。
C:\Users\fko2347058\Desktop\ueda\GitHub\MyGame\ROCKMAN2\Rockman2\Player.cpp(370,101): warning C4244: '引数': 'float' から 'int' への変換です。データが失われる可能性があります。
C:\Users\fko2347058\Desktop\ueda\GitHub\MyGame\ROCKMAN2\Rockman2\Player.cpp(370,62): warning C4244: '引数': 'float' から 'int' への変換です。データが失われる可能性があります。
C:\Users\fko2347058\Desktop\ueda\GitHub\MyGame\ROCKMAN2\Rockman2\Player.cpp(371,68): warning C4244: '引数': 'float' から 'int' への変換です。データが失われる可能性があります。
C:\Users\fko2347058\Desktop\ueda\GitHub\MyGame\ROCKMAN2\Rockman2\Player.cpp(371,47): warning C4244: '引数': 'float' から 'int' への変換です。データが失われる可能性があります。
C:\Users\fko2347058\Desktop\ueda\GitHub\MyGame\ROCKMAN2\Rockman2\Player.cpp(47,33): warning C4244: '+=': 'const float' から 'int' への変換です。データが失われる可能性があります。
C:\Users\fko2347058\Desktop\ueda\GitHub\MyGame\ROCKMAN2\Rockman2\Player.cpp(48,33): warning C4244: '+=': 'const float' から 'int' への変換です。データが失われる可能性があります。
C:\Users\fko2347058\Desktop\ueda\GitHub\MyGame\ROCKMAN2\Rockman2\Player.cpp(40,25): warning C4244: '+=': 'const float' から 'int' への変換です。データが失われる可能性があります。
C:\Users\fko2347058\Desktop\ueda\GitHub\MyGame\ROCKMAN2\Rockman2\Player.cpp(468,10): warning C4244: '=': 'float' から 'int' への変換です。データが失われる可能性があります。
C:\Users\fko2347058\Desktop\ueda\GitHub\MyGame\ROCKMAN2\Rockman2\Player.cpp(477,10): warning C4244: '=': 'float' から 'int' への変換です。データが失われる可能性があります。
  SceneMain.cpp
C:\Users\fko2347058\Desktop\ueda\GitHub\MyGame\ROCKMAN2\Rockman2\Player.h(36,31): warning C4244: 'return': 'const int' から 'float' への変換です。データが失われる可能性があります。
  コードを生成中...
  Rockman2.vcxproj -> C:\Users\fko2347058\Desktop\ueda\GitHub\MyGame\ROCKMAN2\Rockman2\x64\Debug\Rockman2.exe
