c:\github\mygame\rungame\x64\debug\vc143.pdb
c:\github\mygame\rungame\x64\debug\vc143.idb
c:\github\mygame\rungame\x64\debug\worldsprite.obj
c:\github\mygame\rungame\x64\debug\scenetitle.obj
c:\github\mygame\rungame\x64\debug\sceneplaying.obj
c:\github\mygame\rungame\x64\debug\scenemanager.obj
c:\github\mygame\rungame\x64\debug\scenegameover.obj
c:\github\mygame\rungame\x64\debug\sceneclear.obj
c:\github\mygame\rungame\x64\debug\scenebase.obj
c:\github\mygame\rungame\x64\debug\rect.obj
c:\github\mygame\rungame\x64\debug\player.obj
c:\github\mygame\rungame\x64\debug\platinumloader.obj
c:\github\mygame\rungame\x64\debug\map.obj
c:\github\mygame\rungame\x64\debug\managermodel.obj
c:\github\mygame\rungame\x64\debug\managerfont.obj
c:\github\mygame\rungame\x64\debug\managersound.obj
c:\github\mygame\rungame\x64\debug\main.obj
c:\github\mygame\rungame\x64\debug\input.obj
c:\github\mygame\rungame\x64\debug\enemy.obj
c:\github\mygame\rungame\x64\debug\camera.obj
c:\github\mygame\rungame\x64\debug\background.obj
c:\github\mygame\rungame\x64\debug\rungame.exe
c:\github\mygame\rungame\x64\debug\rungame.ilk
c:\github\mygame\rungame\x64\debug\rungame.pdb
c:\github\mygame\rungame\x64\debug\map.obj.enc
c:\github\mygame\rungame\x64\debug\sceneplaying.obj.enc
c:\github\mygame\rungame\x64\debug\rungame.tlog\cl.command.1.tlog
c:\github\mygame\rungame\x64\debug\rungame.tlog\cl.items.tlog
c:\github\mygame\rungame\x64\debug\rungame.tlog\cl.read.1.tlog
c:\github\mygame\rungame\x64\debug\rungame.tlog\cl.write.1.tlog
c:\github\mygame\rungame\x64\debug\rungame.tlog\link.command.1.tlog
c:\github\mygame\rungame\x64\debug\rungame.tlog\link.read.1.tlog
c:\github\mygame\rungame\x64\debug\rungame.tlog\link.write.1.tlog
