c:\users\fko2347058\desktop\ueda\github\mygame\jumpup!\jumpup!\x64\release\vc143.pdb
c:\users\fko2347058\desktop\ueda\github\mygame\jumpup!\jumpup!\x64\release\scenetitle.obj
c:\users\fko2347058\desktop\ueda\github\mygame\jumpup!\jumpup!\x64\release\sceneplaying.obj
c:\users\fko2347058\desktop\ueda\github\mygame\jumpup!\jumpup!\x64\release\scenemanager.obj
c:\users\fko2347058\desktop\ueda\github\mygame\jumpup!\jumpup!\x64\release\scenebase.obj
c:\users\fko2347058\desktop\ueda\github\mygame\jumpup!\jumpup!\x64\release\player.obj
c:\users\fko2347058\desktop\ueda\github\mygame\jumpup!\jumpup!\x64\release\main.obj
c:\users\fko2347058\desktop\ueda\github\mygame\jumpup!\jumpup!\x64\release\input.obj
c:\users\fko2347058\desktop\ueda\github\mygame\jumpup!\jumpup!\x64\release\stage.obj
c:\users\fko2347058\desktop\ueda\github\mygame\jumpup!\jumpup!\x64\release\sceneclear.obj
c:\users\fko2347058\desktop\ueda\github\mygame\jumpup!\jumpup!\x64\release\font.obj
c:\users\fko2347058\desktop\ueda\github\mygame\jumpup!\jumpup!\x64\release\drawdebug.obj
c:\users\fko2347058\desktop\ueda\github\mygame\jumpup!\jumpup!\x64\release\conversiontime.obj
c:\users\fko2347058\desktop\ueda\github\mygame\jumpup!\jumpup!\x64\release\sound.obj
c:\users\fko2347058\desktop\ueda\github\mygame\jumpup!\jumpup!\x64\release\confetti.obj
c:\users\fko2347058\desktop\ueda\github\mygame\jumpup!\jumpup!\x64\release\camera.obj
c:\users\fko2347058\desktop\ueda\github\mygame\jumpup!\jumpup!\x64\release\jumpup!.exe
c:\users\fko2347058\desktop\ueda\github\mygame\jumpup!\jumpup!\x64\release\jumpup!.pdb
c:\users\fko2347058\desktop\ueda\github\mygame\jumpup!\jumpup!\x64\release\jumpup!.ipdb
c:\users\fko2347058\desktop\ueda\github\mygame\jumpup!\jumpup!\x64\release\jumpup!.iobj
c:\github\mygame\jumpup!\jumpup!\x64\release\jumpup!.ipdb
c:\github\mygame\jumpup!\jumpup!\x64\release\jumpup!.iobj
c:\github\mygame\jumpup!\jumpup!\x64\release\jumpup!.tlog\cl.command.1.tlog
c:\github\mygame\jumpup!\jumpup!\x64\release\jumpup!.tlog\cl.read.1.tlog
c:\github\mygame\jumpup!\jumpup!\x64\release\jumpup!.tlog\cl.write.1.tlog
c:\github\mygame\jumpup!\jumpup!\x64\release\jumpup!.tlog\link.command.1.tlog
c:\github\mygame\jumpup!\jumpup!\x64\release\jumpup!.tlog\link.read.1.tlog
c:\github\mygame\jumpup!\jumpup!\x64\release\jumpup!.tlog\link.write.1.tlog
c:\github\mygame\jumpup!\jumpup!\x64\release\jumpup!.tlog\link.write.2u.tlog
