d:\dogman\0214\ueda\mygame\rockman2\rockman2\x64\release\vc143.pdb
d:\dogman\0214\ueda\mygame\rockman2\rockman2\x64\release\scenestage1.obj
d:\dogman\0214\ueda\mygame\rockman2\rockman2\x64\release\scenetutorial.obj
d:\dogman\0214\ueda\mygame\rockman2\rockman2\x64\release\recoverybase.obj
d:\dogman\0214\ueda\mygame\rockman2\rockman2\x64\release\recoverysmallhp.obj
d:\dogman\0214\ueda\mygame\rockman2\rockman2\x64\release\recoverysmallshot.obj
d:\dogman\0214\ueda\mygame\rockman2\rockman2\x64\release\recoverygreathp.obj
d:\dogman\0214\ueda\mygame\rockman2\rockman2\x64\release\recoverygreatshot.obj
d:\dogman\0214\ueda\mygame\rockman2\rockman2\x64\release\recoverylife.obj
d:\dogman\0214\ueda\mygame\rockman2\rockman2\x64\release\recoveryfullhp.obj
d:\dogman\0214\ueda\mygame\rockman2\rockman2\x64\release\pad.obj
d:\dogman\0214\ueda\mygame\rockman2\rockman2\x64\release\main.obj
d:\dogman\0214\ueda\mygame\rockman2\rockman2\x64\release\fontmanager.obj
d:\dogman\0214\ueda\mygame\rockman2\rockman2\x64\release\fireworks.obj
d:\dogman\0214\ueda\mygame\rockman2\rockman2\x64\release\enemybase.obj
d:\dogman\0214\ueda\mygame\rockman2\rockman2\x64\release\enemycat.obj
d:\dogman\0214\ueda\mygame\rockman2\rockman2\x64\release\enemybird.obj
d:\dogman\0214\ueda\mygame\rockman2\rockman2\x64\release\enemybear.obj
d:\dogman\0214\ueda\mygame\rockman2\rockman2\x64\release\bg.obj
d:\dogman\0214\ueda\mygame\rockman2\rockman2\x64\release\bgstage1.obj
d:\dogman\0214\ueda\mygame\rockman2\rockman2\x64\release\bgtutorial.obj
d:\dogman\0214\ueda\mygame\rockman2\rockman2\x64\release\vec2.obj
d:\dogman\0214\ueda\mygame\rockman2\rockman2\x64\release\scenemain.obj
d:\dogman\0214\ueda\mygame\rockman2\rockman2\x64\release\scenemanager.obj
d:\dogman\0214\ueda\mygame\rockman2\rockman2\x64\release\rect.obj
d:\dogman\0214\ueda\mygame\rockman2\rockman2\x64\release\shotbase.obj
d:\dogman\0214\ueda\mygame\rockman2\rockman2\x64\release\shotbuster.obj
d:\dogman\0214\ueda\mygame\rockman2\rockman2\x64\release\shotmetal.obj
d:\dogman\0214\ueda\mygame\rockman2\rockman2\x64\release\shotfire.obj
d:\dogman\0214\ueda\mygame\rockman2\rockman2\x64\release\shotlinemove.obj
d:\dogman\0214\ueda\mygame\rockman2\rockman2\x64\release\player.obj
d:\dogman\0214\ueda\mygame\rockman2\rockman2\x64\release\scenetitle.obj
d:\dogman\0214\ueda\mygame\rockman2\rockman2\x64\release\scenegameover.obj
d:\dogman\0214\ueda\mygame\rockman2\rockman2\x64\release\scenepause.obj
d:\dogman\0214\ueda\mygame\rockman2\rockman2\x64\release\scenestageselect.obj
d:\dogman\0214\ueda\mygame\rockman2\rockman2\x64\release\sceneclear.obj
d:\dogman\0214\ueda\mygame\rockman2\rockman2\x64\release\sceneoption.obj
c:\users\fko2347058\desktop\ueda\mygame\rockman2\rockman2\x64\release\rockman2.ipdb
c:\users\fko2347058\desktop\ueda\mygame\rockman2\rockman2\x64\release\rockman2.iobj
d:\dogman\0214\ueda\mygame\rockman2\rockman2\x64\release\rockman2.ipdb
d:\dogman\0214\ueda\mygame\rockman2\rockman2\x64\release\rockman2.iobj
d:\dogman\0214\ueda\mygame\rockman2\rockman2\x64\release\rockman2.exe
d:\dogman\0214\ueda\mygame\rockman2\rockman2\x64\release\rockman2.pdb
d:\dogman\0214\ueda\mygame\rockman2\rockman2\x64\release\rockman2.res
d:\dogman\0214\ueda\mygame\rockman2\rockman2\x64\release\rockman2.tlog\cl.command.1.tlog
d:\dogman\0214\ueda\mygame\rockman2\rockman2\x64\release\rockman2.tlog\cl.items.tlog
d:\dogman\0214\ueda\mygame\rockman2\rockman2\x64\release\rockman2.tlog\cl.read.1.tlog
d:\dogman\0214\ueda\mygame\rockman2\rockman2\x64\release\rockman2.tlog\cl.write.1.tlog
d:\dogman\0214\ueda\mygame\rockman2\rockman2\x64\release\rockman2.tlog\link.command.1.tlog
d:\dogman\0214\ueda\mygame\rockman2\rockman2\x64\release\rockman2.tlog\link.read.1.tlog
d:\dogman\0214\ueda\mygame\rockman2\rockman2\x64\release\rockman2.tlog\link.write.1.tlog
d:\dogman\0214\ueda\mygame\rockman2\rockman2\x64\release\rockman2.tlog\link.write.2u.tlog
d:\dogman\0214\ueda\mygame\rockman2\rockman2\x64\release\rockman2.tlog\rc.command.1.tlog
d:\dogman\0214\ueda\mygame\rockman2\rockman2\x64\release\rockman2.tlog\rc.read.1.tlog
d:\dogman\0214\ueda\mygame\rockman2\rockman2\x64\release\rockman2.tlog\rc.write.1.tlog
