c:\github\mygame\hoppingrace\x64\release\vc143.pdb
c:\github\mygame\hoppingrace\x64\release\scenemanager.obj
c:\github\mygame\hoppingrace\x64\release\scenebase.obj
c:\github\mygame\hoppingrace\x64\release\scenetitle.obj
c:\github\mygame\hoppingrace\x64\release\sceneplaying.obj
c:\github\mygame\hoppingrace\x64\release\sceneclear.obj
c:\github\mygame\hoppingrace\x64\release\sceneresult.obj
c:\github\mygame\hoppingrace\x64\release\player.obj
c:\github\mygame\hoppingrace\x64\release\modeltree.obj
c:\github\mygame\hoppingrace\x64\release\modelground.obj
c:\github\mygame\hoppingrace\x64\release\modelbase.obj
c:\github\mygame\hoppingrace\x64\release\managersound.obj
c:\github\mygame\hoppingrace\x64\release\managerfont.obj
c:\github\mygame\hoppingrace\x64\release\managerresult.obj
c:\github\mygame\hoppingrace\x64\release\managermodel.obj
c:\github\mygame\hoppingrace\x64\release\managerlight.obj
c:\github\mygame\hoppingrace\x64\release\main.obj
c:\github\mygame\hoppingrace\x64\release\input.obj
c:\github\mygame\hoppingrace\x64\release\camera.obj
c:\github\mygame\hoppingrace\x64\release\conversiontime.obj
c:\github\mygame\hoppingrace\x64\release\background.obj
c:\github\mygame\hoppingrace\x64\release\worldsprite.obj
c:\github\mygame\hoppingrace\x64\release\hoppingrace.exe
c:\github\mygame\hoppingrace\x64\release\hoppingrace.pdb
c:\github\mygame\hoppingrace\x64\release\hoppingrace.ipdb
c:\github\mygame\hoppingrace\x64\release\hoppingrace.iobj
c:\github\mygame\hoppingrace\x64\release\jumprace.ipdb
c:\github\mygame\hoppingrace\x64\release\jumprace.iobj
c:\github\mygame\hoppingrace\x64\release\hoppingrace.tlog\cl.command.1.tlog
c:\github\mygame\hoppingrace\x64\release\hoppingrace.tlog\cl.items.tlog
c:\github\mygame\hoppingrace\x64\release\hoppingrace.tlog\cl.read.1.tlog
c:\github\mygame\hoppingrace\x64\release\hoppingrace.tlog\cl.write.1.tlog
c:\github\mygame\hoppingrace\x64\release\hoppingrace.tlog\link.command.1.tlog
c:\github\mygame\hoppingrace\x64\release\hoppingrace.tlog\link.read.1.tlog
c:\github\mygame\hoppingrace\x64\release\hoppingrace.tlog\link.write.1.tlog
c:\github\mygame\hoppingrace\x64\release\hoppingrace.tlog\link.write.2u.tlog
