  Background.cpp
  ConversionTime.cpp
  Camera.cpp
  Input.cpp
  main.cpp
  ManagerLight.cpp
  ManagerModel.cpp
  ManagerResult.cpp
  ManagerFont.cpp
  ManagerSound.cpp
  ModelBase.cpp
  ModelGround.cpp
  ModelTree.cpp
  Player.cpp
  SceneResult.cpp
  SceneClear.cpp
  ScenePlaying.cpp
  SceneTitle.cpp
  SceneBase.cpp
  SceneManager.cpp
  コンパイル中...
  WorldSprite.cpp
  コード生成しています。
  Previous IPDB not found, fall back to full compilation.
  All 1598 functions were compiled because no usable IPDB/IOBJ from previous compilation was found.
  コード生成が終了しました。
  jumpRace.vcxproj -> C:\Users\fko2347058\Desktop\ueda\GitHub\MyGame\jumpRace\x64\Release\jumpRace.exe
