c:\github\mygame\rungame\x64\release\vc143.pdb
c:\github\mygame\rungame\x64\release\worldsprite.obj
c:\github\mygame\rungame\x64\release\scenetitle.obj
c:\github\mygame\rungame\x64\release\sceneplaying.obj
c:\github\mygame\rungame\x64\release\scenemanager.obj
c:\github\mygame\rungame\x64\release\scenegameover.obj
c:\github\mygame\rungame\x64\release\sceneclear.obj
c:\github\mygame\rungame\x64\release\scenebase.obj
c:\github\mygame\rungame\x64\release\rect.obj
c:\github\mygame\rungame\x64\release\player.obj
c:\github\mygame\rungame\x64\release\platinumloader.obj
c:\github\mygame\rungame\x64\release\map.obj
c:\github\mygame\rungame\x64\release\managermodel.obj
c:\github\mygame\rungame\x64\release\managerfont.obj
c:\github\mygame\rungame\x64\release\main.obj
c:\github\mygame\rungame\x64\release\input.obj
c:\github\mygame\rungame\x64\release\enemy.obj
c:\github\mygame\rungame\x64\release\camera.obj
c:\github\mygame\rungame\x64\release\background.obj
c:\github\mygame\rungame\x64\release\rungame.exe
c:\github\mygame\rungame\x64\release\rungame.pdb
c:\github\mygame\rungame\x64\release\rungame.ipdb
c:\github\mygame\rungame\x64\release\rungame.iobj
c:\users\fko2347058\desktop\ueda\github\mygame\rungame\x64\release\background.obj
c:\users\fko2347058\desktop\ueda\github\mygame\rungame\x64\release\camera.obj
c:\users\fko2347058\desktop\ueda\github\mygame\rungame\x64\release\enemy.obj
c:\users\fko2347058\desktop\ueda\github\mygame\rungame\x64\release\input.obj
c:\users\fko2347058\desktop\ueda\github\mygame\rungame\x64\release\main.obj
c:\users\fko2347058\desktop\ueda\github\mygame\rungame\x64\release\managerfont.obj
c:\users\fko2347058\desktop\ueda\github\mygame\rungame\x64\release\managermodel.obj
c:\users\fko2347058\desktop\ueda\github\mygame\rungame\x64\release\managersound.obj
c:\users\fko2347058\desktop\ueda\github\mygame\rungame\x64\release\map.obj
c:\users\fko2347058\desktop\ueda\github\mygame\rungame\x64\release\platinumloader.obj
c:\users\fko2347058\desktop\ueda\github\mygame\rungame\x64\release\player.obj
c:\users\fko2347058\desktop\ueda\github\mygame\rungame\x64\release\rect.obj
c:\users\fko2347058\desktop\ueda\github\mygame\rungame\x64\release\scenebase.obj
c:\users\fko2347058\desktop\ueda\github\mygame\rungame\x64\release\sceneclear.obj
c:\users\fko2347058\desktop\ueda\github\mygame\rungame\x64\release\scenegameover.obj
c:\users\fko2347058\desktop\ueda\github\mygame\rungame\x64\release\scenemanager.obj
c:\users\fko2347058\desktop\ueda\github\mygame\rungame\x64\release\sceneplaying.obj
c:\users\fko2347058\desktop\ueda\github\mygame\rungame\x64\release\scenetitle.obj
c:\users\fko2347058\desktop\ueda\github\mygame\rungame\x64\release\worldsprite.obj
c:\users\fko2347058\desktop\ueda\github\mygame\rungame\x64\release\rungame.ipdb
c:\users\fko2347058\desktop\ueda\github\mygame\rungame\x64\release\rungame.iobj
c:\users\fko2347058\desktop\ueda\github\mygame\rungame\x64\release\rungame.pdb
c:\users\fko2347058\desktop\ueda\github\mygame\rungame\x64\release\vc143.pdb
c:\users\fko2347058\desktop\ueda\github\mygame\rungame\x64\release\rungame.exe
c:\users\fko2347058\desktop\ueda\github\mygame\rungame\x64\release\rungame.tlog\cl.command.1.tlog
c:\users\fko2347058\desktop\ueda\github\mygame\rungame\x64\release\rungame.tlog\cl.items.tlog
c:\users\fko2347058\desktop\ueda\github\mygame\rungame\x64\release\rungame.tlog\cl.read.1.tlog
c:\users\fko2347058\desktop\ueda\github\mygame\rungame\x64\release\rungame.tlog\cl.write.1.tlog
c:\users\fko2347058\desktop\ueda\github\mygame\rungame\x64\release\rungame.tlog\link.command.1.tlog
c:\users\fko2347058\desktop\ueda\github\mygame\rungame\x64\release\rungame.tlog\link.read.1.tlog
c:\users\fko2347058\desktop\ueda\github\mygame\rungame\x64\release\rungame.tlog\link.write.1.tlog
c:\users\fko2347058\desktop\ueda\github\mygame\rungame\x64\release\rungame.tlog\link.write.2u.tlog
