C:\Program Files\Microsoft Visual Studio\2022\Community\MSBuild\Microsoft\VC\v170\Microsoft.CppBuild.targets(517,5): warning MSB8028: 中間ディレクトリ (x64\Release\) に別のプロジェクト (RunGame.vcxproj) と共有されているファイルが含まれています。これにより、クリーンしてリビルド動作が適切に行われない可能性があります。
  Background.cpp
  Camera.cpp
  Enemy.cpp
  Input.cpp
  main.cpp
  ManagerSound.cpp
  ManagerFont.cpp
  ManagerModel.cpp
  Map.cpp
  Player.cpp
  Rect.cpp
  SceneBase.cpp
  SceneClear.cpp
  SceneGameover.cpp
  SceneManager.cpp
  ScenePlaying.cpp
  SceneTitle.cpp
  WorldSprite.cpp
  コード生成しています。
  Previous IPDB was built with incompatible compiler, fall back to full compilation.
  All 1478 functions were compiled because no usable IPDB/IOBJ from previous compilation was found.
  コード生成が終了しました。
  RunGame.vcxproj -> C:\Users\fko2347058\Desktop\ueda\GitHub\MyGame\JUMPDUCK\x64\Release\JUMPDUCK.exe
